0.000	0.0	0.000	0.0	0.290
0.010	0.0	0.000	129.5	0.579
0.020	0.0	0.000	106.1	0.472
0.030	0.0	0.000	477.8	0.227
0.040	0.0	0.000	375.3	0.401
0.050	0.0	0.000	169.8	0.232
0.060	0.0	0.000	98.9	0.318
0.070	0.0	0.000	86.8	0.254
0.080	0.0	0.000	173.7	0.382
0.090	0.0	0.000	247.8	0.679
0.100	0.0	0.000	356.1	0.655
0.110	0.0	0.000	251.4	0.571
0.120	0.0	0.000	426.9	0.289
0.130	0.0	0.000	297.7	0.337
0.140	0.0	0.000	165.7	0.231
0.150	0.0	0.000	140.1	0.384
0.160	0.0	0.000	150.5	0.478
0.170	249.9	1.000	470.4	0.695
0.180	251.2	1.000	625.7	0.909
0.190	242.0	1.000	562.4	0.955
0.200	237.9	1.000	502.1	0.853
0.210	244.4	1.000	272.6	0.857
0.220	251.1	1.000	145.1	0.311
0.230	249.3	1.000	289.7	0.541
0.240	260.5	1.000	514.0	0.427
0.250	254.5	1.000	970.6	0.928
0.260	250.2	1.000	1224.6	0.942
0.270	249.5	1.000	1419.1	0.950
0.280	250.5	1.000	1590.3	0.972
0.290	250.8	1.000	1688.0	0.978
0.300	250.5	1.000	1770.4	0.982
0.310	251.0	1.000	1776.5	0.983
0.320	252.8	1.000	1444.8	0.966
0.330	253.7	1.000	721.7	0.705
0.340	251.5	1.000	577.9	0.917
0.350	250.6	1.000	462.2	0.845
0.360	248.8	1.000	372.6	0.661
0.370	248.7	1.000	332.5	0.703
0.380	243.8	1.000	325.2	0.426
0.390	0.0	0.000	254.7	0.346
0.400	0.0	0.000	464.2	0.266
0.410	0.0	0.000	629.3	0.156
0.420	0.0	0.000	377.2	0.270
0.430	0.0	0.000	419.9	0.460
0.440	0.0	0.000	693.2	0.220
0.450	283.6	1.000	1099.2	0.788
0.460	272.5	1.000	1173.6	0.951
0.470	268.6	1.000	733.5	0.935
0.480	278.1	1.000	289.5	0.382
0.490	270.0	1.000	286.9	0.896
0.500	264.9	1.000	218.4	0.919
0.510	261.7	1.000	165.4	0.723
0.520	263.1	1.000	134.2	0.782
0.530	265.4	1.000	138.8	0.667
0.540	0.0	0.000	175.9	0.452
0.550	0.0	0.000	161.0	0.418
0.560	0.0	0.000	829.9	0.670
0.570	273.4	1.000	1422.6	0.902
0.580	266.6	1.000	1369.7	0.980
0.590	265.7	1.000	1256.1	0.886
0.600	0.0	0.000	1325.8	0.474
0.610	0.0	0.000	1182.3	0.404
0.620	0.0	0.000	967.9	0.446
0.630	0.0	0.000	885.4	0.244
0.640	0.0	0.000	1304.1	0.359
0.650	0.0	0.000	1038.8	0.136
0.660	0.0	0.000	516.1	0.308
0.670	0.0	0.000	528.1	0.332
0.680	0.0	0.000	556.5	0.387
0.690	0.0	0.000	616.9	0.278
0.700	0.0	0.000	676.6	0.427
0.710	0.0	0.000	1138.1	0.336
0.720	0.0	0.000	1025.7	0.284
0.730	0.0	0.000	678.9	0.304
0.740	0.0	0.000	655.9	0.413
0.750	0.0	0.000	607.9	0.271
0.760	0.0	0.000	528.3	0.305
0.770	0.0	0.000	452.2	0.358
0.780	0.0	0.000	587.9	0.268
0.790	317.8	1.000	920.7	0.643
0.800	266.2	1.000	675.2	0.633
0.810	261.3	1.000	717.3	0.682
0.820	264.1	1.000	839.2	0.686
0.830	261.6	1.000	652.1	0.767
0.840	0.0	0.000	971.0	0.385
0.850	0.0	0.000	2226.4	0.286
0.860	0.0	0.000	1605.0	0.407
0.870	0.0	0.000	1551.7	0.225
0.880	0.0	0.000	1821.1	0.278
0.890	0.0	0.000	1730.5	0.501
0.900	0.0	0.000	1631.8	0.159
0.910	0.0	0.000	1089.7	0.333
0.920	0.0	0.000	648.8	0.328
0.930	0.0	0.000	413.9	0.273
0.940	0.0	0.000	398.4	0.227
0.950	294.9	1.000	726.6	0.757
0.960	261.0	1.000	547.6	0.779
0.970	271.8	1.000	571.2	0.730
0.980	273.3	1.000	598.9	0.312
0.990	260.4	1.000	350.3	0.441
1.000	256.2	1.000	341.8	0.484
1.010	260.2	1.000	287.7	0.576
1.020	288.8	1.000	169.1	0.344
1.030	267.1	1.000	172.2	0.454
1.040	265.1	1.000	159.1	0.332
1.050	270.3	1.000	339.5	0.781
1.060	268.9	1.000	1172.9	0.558
1.070	291.3	1.000	1930.7	0.945
1.080	280.4	1.000	2316.4	0.978
1.090	280.8	1.000	2340.1	0.980
1.100	285.4	1.000	2133.3	0.944
1.110	289.6	1.000	2007.3	0.941
1.120	291.3	1.000	2139.6	0.966
1.130	293.8	1.000	2076.6	0.926
1.140	300.3	1.000	2149.0	0.927
1.150	304.4	1.000	2241.6	0.927
1.160	310.4	1.000	1761.4	0.899
1.170	315.9	1.000	1287.3	0.832
1.180	317.1	1.000	1252.2	0.872
1.190	307.4	1.000	934.3	0.921
1.200	310.6	1.000	472.9	0.815
1.210	314.1	1.000	345.1	0.468
1.220	306.1	1.000	235.7	0.603
1.230	305.3	1.000	207.3	0.569
1.240	303.1	1.000	234.7	0.726
1.250	300.7	1.000	178.3	0.865
1.260	0.0	0.000	117.0	0.606
1.270	0.0	0.000	189.6	0.502
1.280	0.0	0.000	353.8	0.163
1.290	0.0	0.000	440.3	0.297
1.300	0.0	0.000	471.8	0.215
1.310	0.0	0.000	401.1	0.229
1.320	0.0	0.000	376.9	0.320
1.330	0.0	0.000	286.3	0.202
1.340	0.0	0.000	229.5	0.311
1.350	0.0	0.000	250.6	0.296
1.360	0.0	0.000	261.0	0.177
1.370	0.0	0.000	1016.5	0.205
1.380	0.0	0.000	878.3	0.243
1.390	0.0	0.000	410.0	0.206
1.400	0.0	0.000	540.9	0.275
1.410	250.2	1.000	963.3	0.887
1.420	235.3	1.000	961.3	0.925
1.430	234.0	1.000	956.6	0.946
1.440	228.5	1.000	765.8	0.925
1.450	223.8	1.000	665.5	0.967
1.460	219.6	1.000	616.6	0.916
1.470	217.5	1.000	686.9	0.964
1.480	215.5	1.000	611.8	0.954
1.490	212.7	1.000	483.6	0.959
1.500	212.7	1.000	430.7	0.948
1.510	207.5	1.000	343.2	0.860
1.520	204.6	1.000	288.6	0.888
1.530	200.5	1.000	296.9	0.874
1.540	198.0	1.000	349.1	0.723
1.550	201.2	1.000	380.1	0.760
1.560	200.3	1.000	340.7	0.780
1.570	195.9	1.000	313.7	0.806
1.580	195.0	1.000	322.5	0.708
1.590	197.5	1.000	356.3	0.817
1.600	196.7	1.000	380.2	0.758
1.610	196.8	1.000	396.1	0.737
1.620	194.5	1.000	375.5	0.806
1.630	196.1	1.000	362.5	0.815
1.640	195.9	1.000	375.4	0.777
1.650	192.9	1.000	970.4	0.685
1.660	201.1	1.000	1229.6	0.124
1.670	197.1	1.000	1031.4	0.351
1.680	191.9	1.000	1307.5	0.407
1.690	191.3	1.000	975.9	0.542
1.700	193.4	1.000	1004.6	0.745
1.710	191.0	1.000	1076.2	0.772
1.720	191.4	1.000	1206.4	0.718
1.730	189.7	1.000	1178.2	0.832
1.740	190.5	1.000	1034.9	0.902
1.750	189.5	1.000	865.6	0.937
1.760	188.9	1.000	606.9	0.963
1.770	185.1	1.000	373.9	0.636
1.780	0.0	0.000	312.8	0.521
1.790	0.0	0.000	285.8	0.438
1.800	0.0	0.000	168.3	0.451
1.810	0.0	0.000	93.4	0.586
1.820	0.0	0.000	73.2	0.639
1.830	0.0	0.000	124.8	0.422
1.840	0.0	0.000	244.3	0.646
1.850	0.0	0.000	476.2	0.334
1.860	0.0	0.000	773.3	0.369
1.870	0.0	0.000	665.6	0.277
1.880	0.0	0.000	463.8	0.288
1.890	0.0	0.000	519.3	0.214
1.900	0.0	0.000	624.3	0.396
1.910	0.0	0.000	613.2	0.383
1.920	0.0	0.000	560.6	0.680
1.930	0.0	0.000	823.5	0.561
1.940	0.0	0.000	815.6	0.468
1.950	0.0	0.000	596.2	0.635
1.960	0.0	0.000	641.8	0.715
1.970	0.0	0.000	600.6	0.773
1.980	0.0	0.000	705.6	0.568
1.990	0.0	0.000	826.9	0.565
2.000	0.0	0.000	909.6	0.326
2.010	0.0	0.000	1021.7	0.487
2.020	0.0	0.000	884.5	0.513
2.030	0.0	0.000	820.1	0.556
2.040	0.0	0.000	808.6	0.447
2.050	0.0	0.000	651.5	0.487
